INFO  - 2015-04-20 18:46:29.034; org.eclipse.jetty.server.Server; jetty-8.1.10.v20130312
INFO  - 2015-04-20 18:46:29.056; org.eclipse.jetty.deploy.providers.ScanningAppProvider; Deployment monitor /Users/jeff/Documents/workspace/dupcustomer/solr/server/contexts at interval 0
INFO  - 2015-04-20 18:46:29.060; org.eclipse.jetty.deploy.DeploymentManager; Deployable added: /Users/jeff/Documents/workspace/dupcustomer/solr/server/contexts/solr-jetty-context.xml
INFO  - 2015-04-20 18:46:29.153; org.eclipse.jetty.webapp.WebInfConfiguration; Extract jar:file:/Users/jeff/Documents/workspace/dupcustomer/solr/server/webapps/solr.war!/ to /Users/jeff/Documents/workspace/dupcustomer/solr/server/solr-webapp/webapp
INFO  - 2015-04-20 18:46:30.633; org.eclipse.jetty.webapp.StandardDescriptorProcessor; NO JSP Support for /solr, did not find org.apache.jasper.servlet.JspServlet
INFO  - 2015-04-20 18:46:30.684; org.apache.solr.servlet.SolrDispatchFilter; SolrDispatchFilter.init()WebAppClassLoader=710239027@2a556333
INFO  - 2015-04-20 18:46:30.695; org.apache.solr.core.SolrResourceLoader; JNDI not configured for solr (NoInitialContextEx)
INFO  - 2015-04-20 18:46:30.695; org.apache.solr.core.SolrResourceLoader; using system property solr.solr.home: /Users/jeff/Documents/workspace/dupcustomer/solr/server/solr
INFO  - 2015-04-20 18:46:30.696; org.apache.solr.core.SolrResourceLoader; new SolrResourceLoader for directory: '/Users/jeff/Documents/workspace/dupcustomer/solr/server/solr/'
INFO  - 2015-04-20 18:46:30.835; org.apache.solr.core.ConfigSolr; Loading container configuration from /Users/jeff/Documents/workspace/dupcustomer/solr/server/solr/solr.xml
INFO  - 2015-04-20 18:46:30.895; org.apache.solr.core.CorePropertiesLocator; Config-defined core root directory: /Users/jeff/Documents/workspace/dupcustomer/solr/server/solr
INFO  - 2015-04-20 18:46:30.901; org.apache.solr.core.CoreContainer; New CoreContainer 850551034
INFO  - 2015-04-20 18:46:30.902; org.apache.solr.core.CoreContainer; Loading cores into CoreContainer [instanceDir=/Users/jeff/Documents/workspace/dupcustomer/solr/server/solr/]
INFO  - 2015-04-20 18:46:30.911; org.apache.solr.handler.component.HttpShardHandlerFactory; Setting socketTimeout to: 600000
INFO  - 2015-04-20 18:46:30.912; org.apache.solr.handler.component.HttpShardHandlerFactory; Setting urlScheme to: null
INFO  - 2015-04-20 18:46:30.915; org.apache.solr.handler.component.HttpShardHandlerFactory; Setting connTimeout to: 60000
INFO  - 2015-04-20 18:46:30.917; org.apache.solr.handler.component.HttpShardHandlerFactory; Setting maxConnectionsPerHost to: 20
INFO  - 2015-04-20 18:46:30.917; org.apache.solr.handler.component.HttpShardHandlerFactory; Setting maxConnections to: 10000
INFO  - 2015-04-20 18:46:30.917; org.apache.solr.handler.component.HttpShardHandlerFactory; Setting corePoolSize to: 0
INFO  - 2015-04-20 18:46:30.917; org.apache.solr.handler.component.HttpShardHandlerFactory; Setting maximumPoolSize to: 2147483647
INFO  - 2015-04-20 18:46:30.917; org.apache.solr.handler.component.HttpShardHandlerFactory; Setting maxThreadIdleTime to: 5
INFO  - 2015-04-20 18:46:30.918; org.apache.solr.handler.component.HttpShardHandlerFactory; Setting sizeOfQueue to: -1
INFO  - 2015-04-20 18:46:30.918; org.apache.solr.handler.component.HttpShardHandlerFactory; Setting fairnessPolicy to: false
INFO  - 2015-04-20 18:46:30.918; org.apache.solr.handler.component.HttpShardHandlerFactory; Setting useRetries to: false
INFO  - 2015-04-20 18:46:30.999; org.apache.solr.update.UpdateShardHandler; Creating UpdateShardHandler HTTP client with params: socketTimeout=600000&connTimeout=60000&retry=true
INFO  - 2015-04-20 18:46:31.001; org.apache.solr.logging.LogWatcher; SLF4J impl is org.slf4j.impl.Log4jLoggerFactory
INFO  - 2015-04-20 18:46:31.002; org.apache.solr.logging.LogWatcher; Registering Log Listener [Log4j (org.slf4j.impl.Log4jLoggerFactory)]
INFO  - 2015-04-20 18:46:31.004; org.apache.solr.core.CoreContainer; Host Name: 
INFO  - 2015-04-20 18:46:31.664; org.apache.solr.core.CorePropertiesLocator; Looking for core definitions underneath /Users/jeff/Documents/workspace/dupcustomer/solr/server/solr
INFO  - 2015-04-20 18:46:31.677; org.apache.solr.core.CorePropertiesLocator; Found core basic in /Users/jeff/Documents/workspace/dupcustomer/solr/server/solr/basic/
INFO  - 2015-04-20 18:46:31.677; org.apache.solr.core.CorePropertiesLocator; Found 1 core definitions
INFO  - 2015-04-20 18:46:31.678; org.apache.solr.core.SolrResourceLoader; new SolrResourceLoader for directory: '/Users/jeff/Documents/workspace/dupcustomer/solr/server/solr/basic/'
INFO  - 2015-04-20 18:46:31.710; org.apache.solr.core.SolrConfig; current version of requestparams : -1
INFO  - 2015-04-20 18:46:31.733; org.apache.solr.update.SolrIndexConfig; IndexWriter infoStream solr logging is enabled
INFO  - 2015-04-20 18:46:31.737; org.apache.solr.core.SolrConfig; Using Lucene MatchVersion: 5.0.0
INFO  - 2015-04-20 18:46:31.792; org.apache.solr.core.SolrConfig; Loaded SolrConfig: solrconfig.xml
INFO  - 2015-04-20 18:46:31.799; org.apache.solr.schema.IndexSchema; Reading Solr Schema from /Users/jeff/Documents/workspace/dupcustomer/solr/server/solr/basic/conf/schema.xml
INFO  - 2015-04-20 18:46:31.820; org.apache.solr.schema.IndexSchema; [basic] Schema name=basic
INFO  - 2015-04-20 18:46:31.972; org.apache.solr.schema.IndexSchema; unique key field: id
INFO  - 2015-04-20 18:46:32.052; org.apache.solr.schema.FileExchangeRateProvider; Reloading exchange rates from file currency.xml
INFO  - 2015-04-20 18:46:32.056; org.apache.solr.schema.FileExchangeRateProvider; Reloading exchange rates from file currency.xml
INFO  - 2015-04-20 18:46:32.061; org.apache.solr.core.CoreContainer; Creating SolrCore 'basic' using configuration from instancedir /Users/jeff/Documents/workspace/dupcustomer/solr/server/solr/basic/
INFO  - 2015-04-20 18:46:32.074; org.apache.solr.core.SolrCore; solr.NRTCachingDirectoryFactory
INFO  - 2015-04-20 18:46:32.078; org.apache.solr.core.SolrCore; [basic] Opening new SolrCore at /Users/jeff/Documents/workspace/dupcustomer/solr/server/solr/basic/, dataDir=/Users/jeff/Documents/workspace/dupcustomer/solr/server/solr/basic/data/
INFO  - 2015-04-20 18:46:32.080; org.apache.solr.core.JmxMonitoredMap; No JMX servers found, not exposing Solr information with JMX.
INFO  - 2015-04-20 18:46:32.095; org.apache.solr.core.CachingDirectoryFactory; return new directory for /Users/jeff/Documents/workspace/dupcustomer/solr/server/solr/basic/data
INFO  - 2015-04-20 18:46:32.097; org.apache.solr.core.SolrCore; New index directory detected: old=null new=/Users/jeff/Documents/workspace/dupcustomer/solr/server/solr/basic/data/index/
WARN  - 2015-04-20 18:46:32.097; org.apache.solr.core.SolrCore; [basic] Solr index directory '/Users/jeff/Documents/workspace/dupcustomer/solr/server/solr/basic/data/index' doesn't exist. Creating new index...
INFO  - 2015-04-20 18:46:32.106; org.apache.solr.core.CachingDirectoryFactory; return new directory for /Users/jeff/Documents/workspace/dupcustomer/solr/server/solr/basic/data/index
INFO  - 2015-04-20 18:46:32.154; org.apache.solr.core.SolrDeletionPolicy; SolrDeletionPolicy.onCommit: commits: num=1
	commit{dir=NRTCachingDirectory(MMapDirectory@/Users/jeff/Documents/workspace/dupcustomer/solr/server/solr/basic/data/index lockFactory=org.apache.lucene.store.NativeFSLockFactory@4eab53b3; maxCacheMB=48.0 maxMergeSizeMB=4.0),segFN=segments_1,generation=1}
INFO  - 2015-04-20 18:46:32.155; org.apache.solr.core.SolrDeletionPolicy; newest commit generation = 1
INFO  - 2015-04-20 18:46:32.210; org.apache.solr.core.SolrCore; no updateRequestProcessorChain defined as default, creating implicit default
INFO  - 2015-04-20 18:46:32.220; org.apache.solr.core.RequestHandlers; created /update: org.apache.solr.handler.UpdateRequestHandler
INFO  - 2015-04-20 18:46:32.220; org.apache.solr.core.RequestHandlers; created /update/json: org.apache.solr.handler.UpdateRequestHandler
INFO  - 2015-04-20 18:46:32.220; org.apache.solr.core.RequestHandlers; created /update/csv: org.apache.solr.handler.UpdateRequestHandler
INFO  - 2015-04-20 18:46:32.220; org.apache.solr.core.RequestHandlers; created /update/json/docs: org.apache.solr.handler.UpdateRequestHandler
INFO  - 2015-04-20 18:46:32.221; org.apache.solr.core.RequestHandlers; created /config: org.apache.solr.handler.SolrConfigHandler
INFO  - 2015-04-20 18:46:32.221; org.apache.solr.core.RequestHandlers; created /schema: org.apache.solr.handler.SchemaHandler
INFO  - 2015-04-20 18:46:32.230; org.apache.solr.core.RequestHandlers; created /replication: org.apache.solr.handler.ReplicationHandler
INFO  - 2015-04-20 18:46:32.231; org.apache.solr.core.RequestHandlers; created /get: org.apache.solr.handler.RealTimeGetHandler
INFO  - 2015-04-20 18:46:32.232; org.apache.solr.core.RequestHandlers; created /admin/luke: org.apache.solr.handler.admin.LukeRequestHandler
INFO  - 2015-04-20 18:46:32.233; org.apache.solr.core.RequestHandlers; created /admin/system: org.apache.solr.handler.admin.SystemInfoHandler
INFO  - 2015-04-20 18:46:32.234; org.apache.solr.core.RequestHandlers; created /admin/mbeans: org.apache.solr.handler.admin.SolrInfoMBeanHandler
INFO  - 2015-04-20 18:46:32.234; org.apache.solr.core.RequestHandlers; created /admin/plugins: org.apache.solr.handler.admin.PluginInfoHandler
INFO  - 2015-04-20 18:46:32.234; org.apache.solr.core.RequestHandlers; created /admin/threads: org.apache.solr.handler.admin.ThreadDumpHandler
INFO  - 2015-04-20 18:46:32.235; org.apache.solr.core.RequestHandlers; created /admin/properties: org.apache.solr.handler.admin.PropertiesRequestHandler
INFO  - 2015-04-20 18:46:32.235; org.apache.solr.core.RequestHandlers; created /admin/logging: org.apache.solr.handler.admin.LoggingHandler
INFO  - 2015-04-20 18:46:32.236; org.apache.solr.core.RequestHandlers; created /admin/file: org.apache.solr.handler.admin.ShowFileRequestHandler
INFO  - 2015-04-20 18:46:32.236; org.apache.solr.core.RequestHandlers; created /admin/ping: org.apache.solr.handler.PingRequestHandler
INFO  - 2015-04-20 18:46:32.237; org.apache.solr.core.RequestHandlers; created /select: solr.SearchHandler
INFO  - 2015-04-20 18:46:32.238; org.apache.solr.core.RequestHandlers; created /query: solr.SearchHandler
INFO  - 2015-04-20 18:46:32.238; org.apache.solr.core.RequestHandlers; created /export: solr.SearchHandler
INFO  - 2015-04-20 18:46:32.238; org.apache.solr.core.RequestHandlers; adding lazy requestHandler: solr.FieldAnalysisRequestHandler
INFO  - 2015-04-20 18:46:32.238; org.apache.solr.core.RequestHandlers; created /analysis/field: solr.FieldAnalysisRequestHandler
INFO  - 2015-04-20 18:46:32.238; org.apache.solr.core.RequestHandlers; adding lazy requestHandler: solr.DocumentAnalysisRequestHandler
INFO  - 2015-04-20 18:46:32.239; org.apache.solr.core.RequestHandlers; created /analysis/document: solr.DocumentAnalysisRequestHandler
INFO  - 2015-04-20 18:46:32.239; org.apache.solr.core.RequestHandlers; created /debug/dump: solr.DumpRequestHandler
INFO  - 2015-04-20 18:46:32.240; org.apache.solr.core.RequestHandlers; adding lazy requestHandler: solr.SearchHandler
INFO  - 2015-04-20 18:46:32.240; org.apache.solr.core.RequestHandlers; created /terms: solr.SearchHandler
INFO  - 2015-04-20 18:46:32.256; org.apache.solr.handler.loader.XMLLoader; xsltCacheLifetimeSeconds=60
INFO  - 2015-04-20 18:46:32.258; org.apache.solr.handler.loader.XMLLoader; xsltCacheLifetimeSeconds=60
INFO  - 2015-04-20 18:46:32.258; org.apache.solr.handler.loader.XMLLoader; xsltCacheLifetimeSeconds=60
INFO  - 2015-04-20 18:46:32.259; org.apache.solr.handler.loader.XMLLoader; xsltCacheLifetimeSeconds=60
INFO  - 2015-04-20 18:46:32.261; org.apache.solr.core.SolrCore; Using default statsCache cache: org.apache.solr.search.stats.LocalStatsCache
INFO  - 2015-04-20 18:46:32.276; org.apache.solr.update.CommitTracker; Hard AutoCommit: if uncommited for 15000ms; 
INFO  - 2015-04-20 18:46:32.277; org.apache.solr.update.CommitTracker; Soft AutoCommit: disabled
INFO  - 2015-04-20 18:46:32.283; org.apache.solr.core.SolrDeletionPolicy; SolrDeletionPolicy.onInit: commits: num=1
	commit{dir=NRTCachingDirectory(MMapDirectory@/Users/jeff/Documents/workspace/dupcustomer/solr/server/solr/basic/data/index lockFactory=org.apache.lucene.store.NativeFSLockFactory@4eab53b3; maxCacheMB=48.0 maxMergeSizeMB=4.0),segFN=segments_1,generation=1}
INFO  - 2015-04-20 18:46:32.284; org.apache.solr.core.SolrDeletionPolicy; newest commit generation = 1
INFO  - 2015-04-20 18:46:32.292; org.apache.solr.search.SolrIndexSearcher; Opening Searcher@6cc1cfa[basic] main
INFO  - 2015-04-20 18:46:32.296; org.apache.solr.rest.ManagedResourceStorage$FileStorageIO; File-based storage initialized to use dir: /Users/jeff/Documents/workspace/dupcustomer/solr/server/solr/basic/conf
INFO  - 2015-04-20 18:46:32.296; org.apache.solr.rest.RestManager; Initializing RestManager with initArgs: {storageDir=/Users/jeff/Documents/workspace/dupcustomer/solr/server/solr/basic/conf}
INFO  - 2015-04-20 18:46:32.303; org.apache.solr.rest.ManagedResourceStorage; Reading _rest_managed.json using file:dir=/Users/jeff/Documents/workspace/dupcustomer/solr/server/solr/basic/conf
INFO  - 2015-04-20 18:46:32.306; org.apache.solr.rest.ManagedResourceStorage; Loaded LinkedHashMap at path _rest_managed.json using file:dir=/Users/jeff/Documents/workspace/dupcustomer/solr/server/solr/basic/conf
INFO  - 2015-04-20 18:46:32.306; org.apache.solr.rest.ManagedResource; Loaded initArgs {} for /rest/managed
INFO  - 2015-04-20 18:46:32.306; org.apache.solr.rest.RestManager; Initializing 0 registered ManagedResources
INFO  - 2015-04-20 18:46:32.311; org.apache.solr.handler.ReplicationHandler; Commits will be reserved for  10000
INFO  - 2015-04-20 18:46:32.312; org.apache.solr.core.SolrCore; [basic] Registered new searcher Searcher@6cc1cfa[basic] main{ExitableDirectoryReader(UninvertingDirectoryReader())}
INFO  - 2015-04-20 18:46:32.313; org.apache.solr.core.CoreContainer; registering core: basic
INFO  - 2015-04-20 18:46:32.314; org.apache.solr.servlet.SolrDispatchFilter; user.dir=/Users/jeff/Documents/workspace/dupcustomer/solr/server
INFO  - 2015-04-20 18:46:32.314; org.apache.solr.servlet.SolrDispatchFilter; SolrDispatchFilter.init() done
INFO  - 2015-04-20 18:46:32.331; org.eclipse.jetty.server.AbstractConnector; Started SocketConnector@0.0.0.0:8983
INFO  - 2015-04-20 18:46:37.514; org.eclipse.jetty.server.Server; Graceful shutdown SocketConnector@0.0.0.0:8983
INFO  - 2015-04-20 18:46:37.515; org.eclipse.jetty.server.Server; Graceful shutdown o.e.j.w.WebAppContext{/solr,file:/Users/jeff/Documents/workspace/dupcustomer/solr/server/solr-webapp/webapp/},/Users/jeff/Documents/workspace/dupcustomer/solr/server/webapps/solr.war
INFO  - 2015-04-20 18:46:38.520; org.apache.solr.core.CoreContainer; Shutting down CoreContainer instance=850551034
INFO  - 2015-04-20 18:46:38.521; org.apache.solr.core.SolrCore; [basic]  CLOSING SolrCore org.apache.solr.core.SolrCore@2c627046
INFO  - 2015-04-20 18:46:38.522; org.apache.solr.update.DirectUpdateHandler2; closing DirectUpdateHandler2{commits=0,autocommit maxTime=15000ms,autocommits=0,soft autocommits=0,optimizes=0,rollbacks=0,expungeDeletes=0,docsPending=0,adds=0,deletesById=0,deletesByQuery=0,errors=0,cumulative_adds=0,cumulative_deletesById=0,cumulative_deletesByQuery=0,cumulative_errors=0,transaction_logs_total_size=0,transaction_logs_total_number=0}
INFO  - 2015-04-20 18:46:38.522; org.apache.solr.update.SolrCoreState; Closing SolrCoreState
INFO  - 2015-04-20 18:46:38.522; org.apache.solr.update.DefaultSolrCoreState; SolrCoreState ref count has reached 0 - closing IndexWriter
INFO  - 2015-04-20 18:46:38.523; org.apache.solr.update.DefaultSolrCoreState; closing IndexWriter with IndexWriterCloser
INFO  - 2015-04-20 18:46:38.526; org.apache.solr.core.SolrCore; [basic] Closing main searcher on request.
INFO  - 2015-04-20 18:46:38.527; org.apache.solr.core.CachingDirectoryFactory; Closing NRTCachingDirectoryFactory - 2 directories currently being tracked
INFO  - 2015-04-20 18:46:38.527; org.apache.solr.core.CachingDirectoryFactory; looking to close /Users/jeff/Documents/workspace/dupcustomer/solr/server/solr/basic/data/index [CachedDir<<refCount=0;path=/Users/jeff/Documents/workspace/dupcustomer/solr/server/solr/basic/data/index;done=false>>]
INFO  - 2015-04-20 18:46:38.528; org.apache.solr.core.CachingDirectoryFactory; Closing directory: /Users/jeff/Documents/workspace/dupcustomer/solr/server/solr/basic/data/index
INFO  - 2015-04-20 18:46:38.528; org.apache.solr.core.CachingDirectoryFactory; looking to close /Users/jeff/Documents/workspace/dupcustomer/solr/server/solr/basic/data [CachedDir<<refCount=0;path=/Users/jeff/Documents/workspace/dupcustomer/solr/server/solr/basic/data;done=false>>]
INFO  - 2015-04-20 18:46:38.528; org.apache.solr.core.CachingDirectoryFactory; Closing directory: /Users/jeff/Documents/workspace/dupcustomer/solr/server/solr/basic/data
INFO  - 2015-04-20 18:46:38.529; org.eclipse.jetty.server.handler.ContextHandler; stopped o.e.j.w.WebAppContext{/solr,file:/Users/jeff/Documents/workspace/dupcustomer/solr/server/solr-webapp/webapp/},/Users/jeff/Documents/workspace/dupcustomer/solr/server/webapps/solr.war
